#
# There is insufficient memory for the Java Runtime Environment to continue.
# Native memory allocation (malloc) failed to allocate 167247872 bytes for committing reserved memory.
# Possible reasons:
#   The system is out of physical RAM or swap space
#   In 32 bit mode, the process size limit was hit
# Possible solutions:
#   Reduce memory load on the system
#   Increase physical memory or swap space
#   Check if swap backing store is full
#   Use 64 bit Java on a 64 bit OS
#   Decrease Java heap size (-Xmx/-Xms)
#   Decrease number of Java threads
#   Decrease Java thread stack sizes (-Xss)
#   Set larger code cache with -XX:ReservedCodeCacheSize=
# This output file may be truncated or incomplete.
#
#  Out of Memory Error (os_linux.cpp:2827), pid=20323, tid=140128878065408
#
# JRE version: OpenJDK Runtime Environment (7.0_95) (build 1.7.0_95-b00)
# Java VM: OpenJDK 64-Bit Server VM (24.95-b01 mixed mode linux-amd64 compressed oops)
# Derivative: IcedTea 2.6.4
# Distribution: Ubuntu 15.04, package 7u95-2.6.4-0ubuntu0.15.04.1
# Failed to write core dump. Core dumps have been disabled. To enable core dumping, try "ulimit -c unlimited" before starting Java again
#

---------------  T H R E A D  ---------------

Current thread (0x00007f7254076000):  VMThread [stack: 0x00007f724beff000,0x00007f724c000000] [id=20332]

Stack: [0x00007f724beff000,0x00007f724c000000],  sp=0x00007f724bffe4c0,  free space=1021k
Native frames: (J=compiled Java code, j=interpreted, Vv=VM code, C=native code)
V  [libjvm.so+0x991aa6]
V  [libjvm.so+0x4934c2]
V  [libjvm.so+0x80371b]
V  [libjvm.so+0x7fddfe]
V  [libjvm.so+0x871c0b]
V  [libjvm.so+0x86044a]
V  [libjvm.so+0x860600]
V  [libjvm.so+0x861598]
V  [libjvm.so+0x868784]
V  [libjvm.so+0x86f525]
V  [libjvm.so+0x826a73]
V  [libjvm.so+0x993372]
V  [libjvm.so+0x9977f7]
V  [libjvm.so+0x995f6b]
V  [libjvm.so+0x996616]
V  [libjvm.so+0x996ae1]
V  [libjvm.so+0x800642]

VM_Operation (0x00007f7249445280): ParallelGCFailedAllocation, mode: safepoint, requested by thread 0x00007f72541b9800


---------------  P R O C E S S  ---------------

Java Threads: ( => current thread )
  0x00007f72541b9800 JavaThread "pool-2-thread-4" [_thread_blocked, id=20345, stack(0x00007f7249346000,0x00007f7249447000)]
  0x00007f72541b7800 JavaThread "pool-2-thread-3" [_thread_blocked, id=20344, stack(0x00007f7249447000,0x00007f7249548000)]
  0x00007f72541b6000 JavaThread "pool-2-thread-2" [_thread_blocked, id=20343, stack(0x00007f7249548000,0x00007f7249649000)]
  0x00007f72541b4800 JavaThread "pool-3-thread-1" [_thread_blocked, id=20342, stack(0x00007f7249649000,0x00007f724974a000)]
  0x00007f72541b4000 JavaThread "pool-2-thread-1" [_thread_blocked, id=20341, stack(0x00007f724974a000,0x00007f724984b000)]
  0x00007f72540b0000 JavaThread "Service Thread" daemon [_thread_blocked, id=20338, stack(0x00007f724b4ff000,0x00007f724b600000)]
  0x00007f72540ae000 JavaThread "C2 CompilerThread1" daemon [_thread_blocked, id=20337, stack(0x00007f724b600000,0x00007f724b701000)]
  0x00007f72540ab000 JavaThread "C2 CompilerThread0" daemon [_thread_blocked, id=20336, stack(0x00007f724b701000,0x00007f724b802000)]
  0x00007f72540a8800 JavaThread "Signal Dispatcher" daemon [_thread_blocked, id=20335, stack(0x00007f724b802000,0x00007f724b903000)]
  0x00007f725407c800 JavaThread "Finalizer" daemon [_thread_blocked, id=20334, stack(0x00007f724bcfd000,0x00007f724bdfe000)]
  0x00007f725407a800 JavaThread "Reference Handler" daemon [_thread_blocked, id=20333, stack(0x00007f724bdfe000,0x00007f724beff000)]
  0x00007f725400a800 JavaThread "main" [_thread_blocked, id=20327, stack(0x00007f725d1cc000,0x00007f725d2cd000)]

Other Threads:
=>0x00007f7254076000 VMThread [stack: 0x00007f724beff000,0x00007f724c000000] [id=20332]
  0x00007f72540bb000 WatcherThread [stack: 0x00007f724b3fe000,0x00007f724b4ff000] [id=20339]

VM state:at safepoint (normal execution)

VM Mutex/Monitor currently owned by a thread:  ([mutex/lock_event])
[0x00007f7254006480] ExpandHeap_lock - owner thread: 0x00007f7254076000
[0x00007f7254006b00] Threads_lock - owner thread: 0x00007f7254076000
[0x00007f7254007000] Heap_lock - owner thread: 0x00007f72541b9800

Heap
 PSYoungGen      total 584704K, used 59690K [0x00000007aaa80000, 0x00000007d9c80000, 0x0000000800000000)
  eden space 462848K, 0% used [0x00000007aaa80000,0x00000007aaa80000,0x00000007c6e80000)
  from space 121856K, 48% used [0x00000007cfb00000,0x00000007d354aa00,0x00000007d7200000)
  to   space 143872K, 0% used [0x00000007c6e80000,0x00000007c6e80000,0x00000007cfb00000)
 ParOldGen       total 423424K, used 423066K [0x0000000700000000, 0x0000000719d80000, 0x00000007aaa80000)
  object space 423424K, 99% used [0x0000000700000000,0x0000000719d268d0,0x0000000719d80000)
 PSPermGen       total 21504K, used 6589K [0x00000006f5a00000, 0x00000006f6f00000, 0x0000000700000000)
  object space 21504K, 30% used [0x00000006f5a00000,0x00000006f606f568,0x00000006f6f00000)

Card table byte_map: [0x00007f7259556000,0x00007f7259daa000] byte_map_base: 0x00007f7255da9000

Polling page: 0x00007f725d2e9000

Code Cache  [0x00007f7251000000, 0x00007f72514a0000, 0x00007f7254000000)
 total_blobs=1522 nmethods=1292 adapters=184 free_code_cache=44516Kb largest_free_block=45513536

Compilation events (10 events):
Event: 85,280 Thread 0x00007f72540ae000 1344             java.util.TimeZone::getDefaultRef (40 bytes)
Event: 85,282 Thread 0x00007f72540ab000 1345             java.util.TimeZone::getDefaultInAppContext (69 bytes)
Event: 85,283 Thread 0x00007f72540ab000 nmethod 1345 0x00007f725109c890 code [0x00007f725109c9c0, 0x00007f725109c9f8]
Event: 85,286 Thread 0x00007f72540ae000 nmethod 1344 0x00007f725147c910 code [0x00007f725147ca40, 0x00007f725147cab8]
Event: 85,511 Thread 0x00007f72540ab000 1346             com.android.dx.rop.code.Insn$BaseVisitor::visitThrowingInsn (1 bytes)
Event: 85,512 Thread 0x00007f72540ab000 nmethod 1346 0x00007f725146dc10 code [0x00007f725146dd40, 0x00007f725146dd98]
Event: 85,647 Thread 0x00007f72540ab000 1347             com.android.dx.cf.direct.DirectClassFile$DcfTypeList::size (5 bytes)
Event: 85,648 Thread 0x00007f72540ab000 nmethod 1347 0x00007f72513c1cd0 code [0x00007f72513c1e00, 0x00007f72513c1e58]
Event: 85,704 Thread 0x00007f72540ab000 1348             com.android.dx.ssa.SsaMethod::onSourcesChanged (69 bytes)
Event: 85,742 Thread 0x00007f72540ab000 nmethod 1348 0x00007f725147e950 code [0x00007f725147eb00, 0x00007f725147ef38]

GC Heap History (10 events):
Event: 70,041 GC heap after
Heap after GC invocations=19 (full 4):
 PSYoungGen      total 450560K, used 56888K [0x00000007aaa80000, 0x00000007d1700000, 0x0000000800000000)
  eden space 358912K, 0% used [0x00000007aaa80000,0x00000007aaa80000,0x00000007c0900000)
  from space 91648K, 62% used [0x00000007c0900000,0x00000007c408e008,0x00000007c6280000)
  to   space 95232K, 0% used [0x00000007cba00000,0x00000007cba00000,0x00000007d1700000)
 ParOldGen       total 295936K, used 248383K [0x0000000700000000, 0x0000000712100000, 0x00000007aaa80000)
  object space 295936K, 83% used [0x0000000700000000,0x000000070f28fd68,0x0000000712100000)
 PSPermGen       total 21504K, used 6508K [0x00000006f5a00000, 0x00000006f6f00000, 0x0000000700000000)
  object space 21504K, 30% used [0x00000006f5a00000,0x00000006f605b248,0x00000006f6f00000)
}
Event: 72,253 GC heap before
{Heap before GC invocations=20 (full 4):
 PSYoungGen      total 450560K, used 415800K [0x00000007aaa80000, 0x00000007d1700000, 0x0000000800000000)
  eden space 358912K, 100% used [0x00000007aaa80000,0x00000007c0900000,0x00000007c0900000)
  from space 91648K, 62% used [0x00000007c0900000,0x00000007c408e008,0x00000007c6280000)
  to   space 95232K, 0% used [0x00000007cba00000,0x00000007cba00000,0x00000007d1700000)
 ParOldGen       total 295936K, used 248383K [0x0000000700000000, 0x0000000712100000, 0x00000007aaa80000)
  object space 295936K, 83% used [0x0000000700000000,0x000000070f28fd68,0x0000000712100000)
 PSPermGen       total 21504K, used 6560K [0x00000006f5a00000, 0x00000006f6f00000, 0x0000000700000000)
  object space 21504K, 30% used [0x00000006f5a00000,0x00000006f60680c0,0x00000006f6f00000)
Event: 72,912 GC heap after
Heap after GC invocations=20 (full 4):
 PSYoungGen      total 515584K, used 95225K [0x00000007aaa80000, 0x00000007d5700000, 0x0000000800000000)
  eden space 420352K, 0% used [0x00000007aaa80000,0x00000007aaa80000,0x00000007c4500000)
  from space 95232K, 99% used [0x00000007cba00000,0x00000007d16fe468,0x00000007d1700000)
  to   space 119808K, 0% used [0x00000007c4500000,0x00000007c4500000,0x00000007cba00000)
 ParOldGen       total 295936K, used 270876K [0x0000000700000000, 0x0000000712100000, 0x00000007aaa80000)
  object space 295936K, 91% used [0x0000000700000000,0x0000000710887240,0x0000000712100000)
 PSPermGen       total 21504K, used 6560K [0x00000006f5a00000, 0x00000006f6f00000, 0x0000000700000000)
  object space 21504K, 30% used [0x00000006f5a00000,0x00000006f60680c0,0x00000006f6f00000)
}
Event: 72,913 GC heap before
{Heap before GC invocations=21 (full 5):
 PSYoungGen      total 515584K, used 95225K [0x00000007aaa80000, 0x00000007d5700000, 0x0000000800000000)
  eden space 420352K, 0% used [0x00000007aaa80000,0x00000007aaa80000,0x00000007c4500000)
  from space 95232K, 99% used [0x00000007cba00000,0x00000007d16fe468,0x00000007d1700000)
  to   space 119808K, 0% used [0x00000007c4500000,0x00000007c4500000,0x00000007cba00000)
 ParOldGen       total 295936K, used 270876K [0x0000000700000000, 0x0000000712100000, 0x00000007aaa80000)
  object space 295936K, 91% used [0x0000000700000000,0x0000000710887240,0x0000000712100000)
 PSPermGen       total 21504K, used 6560K [0x00000006f5a00000, 0x00000006f6f00000, 0x0000000700000000)
  object space 21504K, 30% used [0x00000006f5a00000,0x00000006f60680c0,0x00000006f6f00000)
Event: 77,365 GC heap after
Heap after GC invocations=21 (full 5):
 PSYoungGen      total 515584K, used 65803K [0x00000007aaa80000, 0x00000007d5700000, 0x0000000800000000)
  eden space 420352K, 0% used [0x00000007aaa80000,0x00000007aaa80000,0x00000007c4500000)
  from space 95232K, 69% used [0x00000007cba00000,0x00000007cfa42f58,0x00000007d1700000)
  to   space 119808K, 0% used [0x00000007c4500000,0x00000007c4500000,0x00000007cba00000)
 ParOldGen       total 423424K, used 295567K [0x0000000700000000, 0x0000000719d80000, 0x00000007aaa80000)
  object space 423424K, 69% used [0x0000000700000000,0x00000007120a3e50,0x0000000719d80000)
 PSPermGen       total 21504K, used 6560K [0x00000006f5a00000, 0x00000006f6f00000, 0x0000000700000000)
  object space 21504K, 30% used [0x00000006f5a00000,0x00000006f6068060,0x00000006f6f00000)
}
Event: 79,849 GC heap before
{Heap before GC invocations=22 (full 5):
 PSYoungGen      total 515584K, used 486155K [0x00000007aaa80000, 0x00000007d5700000, 0x0000000800000000)
  eden space 420352K, 100% used [0x00000007aaa80000,0x00000007c4500000,0x00000007c4500000)
  from space 95232K, 69% used [0x00000007cba00000,0x00000007cfa42f58,0x00000007d1700000)
  to   space 119808K, 0% used [0x00000007c4500000,0x00000007c4500000,0x00000007cba00000)
 ParOldGen       total 423424K, used 295567K [0x0000000700000000, 0x0000000719d80000, 0x00000007aaa80000)
  object space 423424K, 69% used [0x0000000700000000,0x00000007120a3e50,0x0000000719d80000)
 PSPermGen       total 21504K, used 6584K [0x00000006f5a00000, 0x00000006f6f00000, 0x0000000700000000)
  object space 21504K, 30% used [0x00000006f5a00000,0x00000006f606e108,0x00000006f6f00000)
Event: 80,747 GC heap after
Heap after GC invocations=22 (full 5):
 PSYoungGen      total 540160K, used 67962K [0x00000007aaa80000, 0x00000007d7200000, 0x0000000800000000)
  eden space 420352K, 0% used [0x00000007aaa80000,0x00000007aaa80000,0x00000007c4500000)
  from space 119808K, 56% used [0x00000007c4500000,0x00000007c875ea28,0x00000007cba00000)
  to   space 121856K, 0% used [0x00000007cfb00000,0x00000007cfb00000,0x00000007d7200000)
 ParOldGen       total 423424K, used 361187K [0x0000000700000000, 0x0000000719d80000, 0x00000007aaa80000)
  object space 423424K, 85% used [0x0000000700000000,0x00000007160b8ce8,0x0000000719d80000)
 PSPermGen       total 21504K, used 6584K [0x00000006f5a00000, 0x00000006f6f00000, 0x0000000700000000)
  object space 21504K, 30% used [0x00000006f5a00000,0x00000006f606e108,0x00000006f6f00000)
}
Event: 87,328 GC heap before
{Heap before GC invocations=23 (full 5):
 PSYoungGen      total 540160K, used 488314K [0x00000007aaa80000, 0x00000007d7200000, 0x0000000800000000)
  eden space 420352K, 100% used [0x00000007aaa80000,0x00000007c4500000,0x00000007c4500000)
  from space 119808K, 56% used [0x00000007c4500000,0x00000007c875ea28,0x00000007cba00000)
  to   space 121856K, 0% used [0x00000007cfb00000,0x00000007cfb00000,0x00000007d7200000)
 ParOldGen       total 423424K, used 361187K [0x0000000700000000, 0x0000000719d80000, 0x00000007aaa80000)
  object space 423424K, 85% used [0x0000000700000000,0x00000007160b8ce8,0x0000000719d80000)
 PSPermGen       total 21504K, used 6589K [0x00000006f5a00000, 0x00000006f6f00000, 0x0000000700000000)
  object space 21504K, 30% used [0x00000006f5a00000,0x00000006f606f588,0x00000006f6f00000)
Event: 88,247 GC heap after
Heap after GC invocations=23 (full 5):
 PSYoungGen      total 584704K, used 121836K [0x00000007aaa80000, 0x00000007d9c80000, 0x0000000800000000)
  eden space 462848K, 0% used [0x00000007aaa80000,0x00000007aaa80000,0x00000007c6e80000)
  from space 121856K, 99% used [0x00000007cfb00000,0x00000007d71fb3e0,0x00000007d7200000)
  to   space 143872K, 0% used [0x00000007c6e80000,0x00000007c6e80000,0x00000007cfb00000)
 ParOldGen       total 423424K, used 365006K [0x0000000700000000, 0x0000000719d80000, 0x00000007aaa80000)
  object space 423424K, 86% used [0x0000000700000000,0x0000000716473a98,0x0000000719d80000)
 PSPermGen       total 21504K, used 6589K [0x00000006f5a00000, 0x00000006f6f00000, 0x0000000700000000)
  object space 21504K, 30% used [0x00000006f5a00000,0x00000006f606f588,0x00000006f6f00000)
}
Event: 88,254 GC heap before
{Heap before GC invocations=24 (full 6):
 PSYoungGen      total 584704K, used 121836K [0x00000007aaa80000, 0x00000007d9c80000, 0x0000000800000000)
  eden space 462848K, 0% used [0x00000007aaa80000,0x00000007aaa80000,0x00000007c6e80000)
  from space 121856K, 99% used [0x00000007cfb00000,0x00000007d71fb3e0,0x00000007d7200000)
  to   space 143872K, 0% used [0x00000007c6e80000,0x00000007c6e80000,0x00000007cfb00000)
 ParOldGen       total 423424K, used 365006K [0x0000000700000000, 0x0000000719d80000, 0x00000007aaa80000)
  object space 423424K, 86% used [0x0000000700000000,0x0000000716473a98,0x0000000719d80000)
 PSPermGen       total 21504K, used 6589K [0x00000006f5a00000, 0x00000006f6f00000, 0x0000000700000000)
  object space 21504K, 30% used [0x00000006f5a00000,0x00000006f606f588,0x00000006f6f00000)

Deoptimization events (10 events):
Event: 83,423 Thread 0x00007f72541b7800 Uncommon trap: reason=class_check action=maybe_recompile pc=0x00007f7251164434 method=com.android.dx.ssa.back.InterferenceGraph.mergeInterferenceSet(ILcom/android/dx/util/IntSet;)V @ 20
Event: 83,732 Thread 0x00007f725400a800 Uncommon trap: reason=unstable_if action=reinterpret pc=0x00007f7251475744 method=com.android.dx.ssa.SetFactory.makeLivenessSet(I)Lcom/android/dx/util/IntSet; @ 4
Event: 83,733 Thread 0x00007f725400a800 Uncommon trap: reason=unstable_if action=reinterpret pc=0x00007f725146faa0 method=com.android.dx.ssa.SetFactory.makeLivenessSet(I)Lcom/android/dx/util/IntSet; @ 4
Event: 83,733 Thread 0x00007f725400a800 Uncommon trap: reason=class_check action=maybe_recompile pc=0x00007f72513c3174 method=com.android.dx.ssa.SsaBasicBlock.addLiveIn(I)V @ 26
Event: 83,737 Thread 0x00007f72541b9800 Uncommon trap: reason=unstable_if action=reinterpret pc=0x00007f72513c3224 method=com.android.dx.ssa.SetFactory.makeLivenessSet(I)Lcom/android/dx/util/IntSet; @ 4
Event: 83,737 Thread 0x00007f72541b9800 Uncommon trap: reason=unstable_if action=reinterpret pc=0x00007f725146d644 method=com.android.dx.ssa.SetFactory.makeLivenessSet(I)Lcom/android/dx/util/IntSet; @ 4
Event: 83,853 Thread 0x00007f725400a800 Uncommon trap: reason=class_check action=maybe_recompile pc=0x00007f725147b7e8 method=com.android.dx.ssa.back.LivenessAnalyzer.liveOutAtStatement()V @ 14
Event: 83,853 Thread 0x00007f725400a800 Uncommon trap: reason=class_check action=maybe_recompile pc=0x00007f725147b7e8 method=com.android.dx.ssa.back.LivenessAnalyzer.liveOutAtStatement()V @ 14
Event: 83,854 Thread 0x00007f725400a800 Uncommon trap: reason=class_check action=maybe_recompile pc=0x00007f725147b7e8 method=com.android.dx.ssa.back.LivenessAnalyzer.liveOutAtStatement()V @ 14
Event: 83,855 Thread 0x00007f725400a800 Uncommon trap: reason=class_check action=maybe_recompile pc=0x00007f725147b7e8 method=com.android.dx.ssa.back.LivenessAnalyzer.liveOutAtStatement()V @ 14

Internal exceptions (10 events):
Event: 44,095 Thread 0x00007f725400a800 Implicit null exception at 0x00007f72511db3eb to 0x00007f72511db671
Event: 44,096 Thread 0x00007f725400a800 Implicit null exception at 0x00007f725114bab7 to 0x00007f725114bd21
Event: 44,096 Thread 0x00007f725400a800 Implicit null exception at 0x00007f725110c58f to 0x00007f725110d9d1
Event: 44,097 Thread 0x00007f725400a800 Implicit null exception at 0x00007f72510c0634 to 0x00007f72510c08b5
Event: 44,120 Thread 0x00007f725400a800 Implicit null exception at 0x00007f72510f3bb8 to 0x00007f72510f3cc1
Event: 45,675 Thread 0x00007f725400a800 Threw 0x00000007aaf8ae60 at /build/openjdk-7-3x2aMC/openjdk-7-7u95-2.6.4/build/openjdk/hotspot/src/share/vm/prims/jvm.cpp:1322
Event: 46,708 Thread 0x00007f72541b6000 Implicit null exception at 0x00007f725135dd45 to 0x00007f7251360911
Event: 51,030 Thread 0x00007f72541b6000 Threw 0x00000007ab3acde0 at /build/openjdk-7-3x2aMC/openjdk-7-7u95-2.6.4/build/openjdk/hotspot/src/share/vm/prims/jvm.cpp:1322
Event: 78,896 Thread 0x00007f72541b9800 Threw 0x00000007bb6815b0 at /build/openjdk-7-3x2aMC/openjdk-7-7u95-2.6.4/build/openjdk/hotspot/src/share/vm/prims/jvm.cpp:1322
Event: 78,957 Thread 0x00007f72541b9800 Threw 0x00000007bbbdbc28 at /build/openjdk-7-3x2aMC/openjdk-7-7u95-2.6.4/build/openjdk/hotspot/src/share/vm/prims/jvm.cpp:1322

Events (10 events):
Event: 83,853 Thread 0x00007f725400a800 Uncommon trap: trap_request=0xffffffde fr.pc=0x00007f725147b7e8
Event: 83,853 Thread 0x00007f725400a800 DEOPT PACKING pc=0x00007f725147b7e8 sp=0x00007f725d2cabc0
Event: 83,853 Thread 0x00007f725400a800 DEOPT UNPACKING pc=0x00007f7251039045 sp=0x00007f725d2caba8 mode 2
Event: 83,854 Thread 0x00007f725400a800 Uncommon trap: trap_request=0xffffffde fr.pc=0x00007f725147b7e8
Event: 83,854 Thread 0x00007f725400a800 DEOPT PACKING pc=0x00007f725147b7e8 sp=0x00007f725d2cabc0
Event: 83,854 Thread 0x00007f725400a800 DEOPT UNPACKING pc=0x00007f7251039045 sp=0x00007f725d2caba8 mode 2
Event: 83,855 Thread 0x00007f725400a800 Uncommon trap: trap_request=0xffffffde fr.pc=0x00007f725147b7e8
Event: 83,855 Thread 0x00007f725400a800 DEOPT PACKING pc=0x00007f725147b7e8 sp=0x00007f725d2cabc0
Event: 83,855 Thread 0x00007f725400a800 DEOPT UNPACKING pc=0x00007f7251039045 sp=0x00007f725d2caba8 mode 2
Event: 87,327 Executing VM operation: ParallelGCFailedAllocation


Dynamic libraries:
00400000-00401000 r-xp 00000000 08:01 1580735                            /usr/lib/jvm/java-7-openjdk-amd64/jre/bin/java
00600000-00601000 r--p 00000000 08:01 1580735                            /usr/lib/jvm/java-7-openjdk-amd64/jre/bin/java
00601000-00602000 rw-p 00001000 08:01 1580735                            /usr/lib/jvm/java-7-openjdk-amd64/jre/bin/java
00e8e000-00eaf000 rw-p 00000000 00:00 0                                  [heap]
6f5a00000-6f6f00000 rw-p 00000000 00:00 0 
6f6f00000-700000000 rw-p 00000000 00:00 0 
700000000-719d80000 rw-p 00000000 00:00 0 
723d00000-7aaa80000 rw-p 00000000 00:00 0 
7aaa80000-7d9c80000 rw-p 00000000 00:00 0 
7d9c80000-800000000 rw-p 00000000 00:00 0 
7f71fc000000-7f71fc034000 rw-p 00000000 00:00 0 
7f71fc034000-7f7200000000 ---p 00000000 00:00 0 
7f7200000000-7f7200025000 rw-p 00000000 00:00 0 
7f7200025000-7f7204000000 ---p 00000000 00:00 0 
7f7204000000-7f7204021000 rw-p 00000000 00:00 0 
7f7204021000-7f7208000000 ---p 00000000 00:00 0 
7f7208000000-7f7208030000 rw-p 00000000 00:00 0 
7f7208030000-7f720c000000 ---p 00000000 00:00 0 
7f720c000000-7f720c021000 rw-p 00000000 00:00 0 
7f720c021000-7f7210000000 ---p 00000000 00:00 0 
7f7210000000-7f721002f000 rw-p 00000000 00:00 0 
7f721002f000-7f7214000000 ---p 00000000 00:00 0 
7f7214000000-7f7215dc4000 rw-p 00000000 00:00 0 
7f7215dc4000-7f7218000000 ---p 00000000 00:00 0 
7f7218000000-7f7218021000 rw-p 00000000 00:00 0 
7f7218021000-7f721c000000 ---p 00000000 00:00 0 
7f721c000000-7f721c021000 rw-p 00000000 00:00 0 
7f721c021000-7f7220000000 ---p 00000000 00:00 0 
7f7220000000-7f722169f000 rw-p 00000000 00:00 0 
7f722169f000-7f7224000000 ---p 00000000 00:00 0 
7f7224000000-7f7224021000 rw-p 00000000 00:00 0 
7f7224021000-7f7228000000 ---p 00000000 00:00 0 
7f7228000000-7f7228021000 rw-p 00000000 00:00 0 
7f7228021000-7f722c000000 ---p 00000000 00:00 0 
7f722c000000-7f722c029000 rw-p 00000000 00:00 0 
7f722c029000-7f7230000000 ---p 00000000 00:00 0 
7f7233ad0000-7f723c000000 rw-p 00000000 00:00 0 
7f723c000000-7f723c021000 rw-p 00000000 00:00 0 
7f723c021000-7f7240000000 ---p 00000000 00:00 0 
7f7240000000-7f7240021000 rw-p 00000000 00:00 0 
7f7240021000-7f7244000000 ---p 00000000 00:00 0 
7f7244000000-7f7244021000 rw-p 00000000 00:00 0 
7f7244021000-7f7248000000 ---p 00000000 00:00 0 
7f7249346000-7f7249349000 ---p 00000000 00:00 0 
7f7249349000-7f7249447000 rw-p 00000000 00:00 0                          [stack:20345]
7f7249447000-7f724944a000 ---p 00000000 00:00 0 
7f724944a000-7f7249548000 rw-p 00000000 00:00 0                          [stack:20344]
7f7249548000-7f724954b000 ---p 00000000 00:00 0 
7f724954b000-7f7249649000 rw-p 00000000 00:00 0                          [stack:20343]
7f7249649000-7f724964c000 ---p 00000000 00:00 0 
7f724964c000-7f724974a000 rw-p 00000000 00:00 0                          [stack:20342]
7f724974a000-7f724974d000 ---p 00000000 00:00 0 
7f724974d000-7f7249b4c000 rw-p 00000000 00:00 0                          [stack:20341]
7f7249b4c000-7f7249bb8000 r-xp 00000000 08:01 3282253                    /lib/x86_64-linux-gnu/libpcre.so.3.13.1
7f7249bb8000-7f7249db7000 ---p 0006c000 08:01 3282253                    /lib/x86_64-linux-gnu/libpcre.so.3.13.1
7f7249db7000-7f7249db8000 r--p 0006b000 08:01 3282253                    /lib/x86_64-linux-gnu/libpcre.so.3.13.1
7f7249db8000-7f7249db9000 rw-p 0006c000 08:01 3282253                    /lib/x86_64-linux-gnu/libpcre.so.3.13.1
7f7249db9000-7f7249dc0000 r-xp 00000000 08:01 786562                     /usr/lib/x86_64-linux-gnu/libffi.so.6.0.4
7f7249dc0000-7f7249fbf000 ---p 00007000 08:01 786562                     /usr/lib/x86_64-linux-gnu/libffi.so.6.0.4
7f7249fbf000-7f7249fc0000 r--p 00006000 08:01 786562                     /usr/lib/x86_64-linux-gnu/libffi.so.6.0.4
7f7249fc0000-7f7249fc1000 rw-p 00007000 08:01 786562                     /usr/lib/x86_64-linux-gnu/libffi.so.6.0.4
7f7249fc1000-7f7249fd8000 r-xp 00000000 08:01 3282079                    /lib/x86_64-linux-gnu/libresolv-2.21.so
7f7249fd8000-7f724a1d8000 ---p 00017000 08:01 3282079                    /lib/x86_64-linux-gnu/libresolv-2.21.so
7f724a1d8000-7f724a1da000 r--p 00017000 08:01 3282079                    /lib/x86_64-linux-gnu/libresolv-2.21.so
7f724a1da000-7f724a1db000 rw-p 00019000 08:01 3282079                    /lib/x86_64-linux-gnu/libresolv-2.21.so
7f724a1db000-7f724a1dd000 rw-p 00000000 00:00 0 
7f724a1dd000-7f724a1fe000 r-xp 00000000 08:01 3282390                    /lib/x86_64-linux-gnu/libselinux.so.1
7f724a1fe000-7f724a3fd000 ---p 00021000 08:01 3282390                    /lib/x86_64-linux-gnu/libselinux.so.1
7f724a3fd000-7f724a3fe000 r--p 00020000 08:01 3282390                    /lib/x86_64-linux-gnu/libselinux.so.1
7f724a3fe000-7f724a3ff000 rw-p 00021000 08:01 3282390                    /lib/x86_64-linux-gnu/libselinux.so.1
7f724a3ff000-7f724a401000 rw-p 00000000 00:00 0 
7f724a401000-7f724a404000 r-xp 00000000 08:01 786837                     /usr/lib/x86_64-linux-gnu/libgmodule-2.0.so.0.4400.1
7f724a404000-7f724a603000 ---p 00003000 08:01 786837                     /usr/lib/x86_64-linux-gnu/libgmodule-2.0.so.0.4400.1
7f724a603000-7f724a604000 r--p 00002000 08:01 786837                     /usr/lib/x86_64-linux-gnu/libgmodule-2.0.so.0.4400.1
7f724a604000-7f724a605000 rw-p 00003000 08:01 786837                     /usr/lib/x86_64-linux-gnu/libgmodule-2.0.so.0.4400.1
7f724a605000-7f724a712000 r-xp 00000000 08:01 3282896                    /lib/x86_64-linux-gnu/libglib-2.0.so.0.4400.1
7f724a712000-7f724a911000 ---p 0010d000 08:01 3282896                    /lib/x86_64-linux-gnu/libglib-2.0.so.0.4400.1
7f724a911000-7f724a912000 r--p 0010c000 08:01 3282896                    /lib/x86_64-linux-gnu/libglib-2.0.so.0.4400.1
7f724a912000-7f724a913000 rw-p 0010d000 08:01 3282896                    /lib/x86_64-linux-gnu/libglib-2.0.so.0.4400.1
7f724a913000-7f724a914000 rw-p 00000000 00:00 0 
7f724a914000-7f724a964000 r-xp 00000000 08:01 786797                     /usr/lib/x86_64-linux-gnu/libgobject-2.0.so.0.4400.1
7f724a964000-7f724ab64000 ---p 00050000 08:01 786797                     /usr/lib/x86_64-linux-gnu/libgobject-2.0.so.0.4400.1
7f724ab64000-7f724ab65000 r--p 00050000 08:01 786797                     /usr/lib/x86_64-linux-gnu/libgobject-2.0.so.0.4400.1
7f724ab65000-7f724ab66000 rw-p 00051000 08:01 786797                     /usr/lib/x86_64-linux-gnu/libgobject-2.0.so.0.4400.1
7f724ab66000-7f724acde000 r-xp 00000000 08:01 786819                     /usr/lib/x86_64-linux-gnu/libgio-2.0.so.0.4400.1
7f724acde000-7f724aede000 ---p 00178000 08:01 786819                     /usr/lib/x86_64-linux-gnu/libgio-2.0.so.0.4400.1
7f724aede000-7f724aee2000 r--p 00178000 08:01 786819                     /usr/lib/x86_64-linux-gnu/libgio-2.0.so.0.4400.1
7f724aee2000-7f724aee4000 rw-p 0017c000 08:01 786819                     /usr/lib/x86_64-linux-gnu/libgio-2.0.so.0.4400.1
7f724aee4000-7f724aee6000 rw-p 00000000 00:00 0 
7f724aee6000-7f724aefe000 r-xp 00000000 08:01 1587309                    /usr/lib/jvm/java-7-openjdk-amd64/jre/lib/amd64/libnet.so
7f724aefe000-7f724b0fd000 ---p 00018000 08:01 1587309                    /usr/lib/jvm/java-7-openjdk-amd64/jre/lib/amd64/libnet.so
7f724b0fd000-7f724b0fe000 r--p 00017000 08:01 1587309                    /usr/lib/jvm/java-7-openjdk-amd64/jre/lib/amd64/libnet.so
7f724b0fe000-7f724b0ff000 rw-p 00018000 08:01 1587309                    /usr/lib/jvm/java-7-openjdk-amd64/jre/lib/amd64/libnet.so
7f724b0ff000-7f724b110000 r-xp 00000000 08:01 1580763                    /usr/lib/jvm/java-7-openjdk-amd64/jre/lib/amd64/libnio.so
7f724b110000-7f724b30f000 ---p 00011000 08:01 1580763                    /usr/lib/jvm/java-7-openjdk-amd64/jre/lib/amd64/libnio.so
7f724b30f000-7f724b310000 r--p 00010000 08:01 1580763                    /usr/lib/jvm/java-7-openjdk-amd64/jre/lib/amd64/libnio.so
7f724b310000-7f724b311000 rw-p 00011000 08:01 1580763                    /usr/lib/jvm/java-7-openjdk-amd64/jre/lib/amd64/libnio.so
7f724b311000-7f724b3fe000 r--s 009c5000 08:01 6301333                    /home/sikander/AndroidStudioProjects/Tracker/app/build/intermediates/transforms/jarMerging/debug/jars/1/1f/combined.jar
7f724b3fe000-7f724b3ff000 ---p 00000000 00:00 0 
7f724b3ff000-7f724b4ff000 rw-p 00000000 00:00 0                          [stack:20339]
7f724b4ff000-7f724b502000 ---p 00000000 00:00 0 
7f724b502000-7f724b600000 rw-p 00000000 00:00 0                          [stack:20338]
7f724b600000-7f724b603000 ---p 00000000 00:00 0 
7f724b603000-7f724b701000 rw-p 00000000 00:00 0                          [stack:20337]
7f724b701000-7f724b704000 ---p 00000000 00:00 0 
7f724b704000-7f724b802000 rw-p 00000000 00:00 0                          [stack:20336]
7f724b802000-7f724b805000 ---p 00000000 00:00 0 
7f724b805000-7f724b903000 rw-p 00000000 00:00 0                          [stack:20335]
7f724b903000-7f724bcfd000 r--p 00000000 08:01 789825                     /usr/lib/locale/locale-archive
7f724bcfd000-7f724bd00000 ---p 00000000 00:00 0 
7f724bd00000-7f724bdfe000 rw-p 00000000 00:00 0                          [stack:20334]
7f724bdfe000-7f724be01000 ---p 00000000 00:00 0 
7f724be01000-7f724beff000 rw-p 00000000 00:00 0                          [stack:20333]
7f724beff000-7f724bf00000 ---p 00000000 00:00 0 
7f724bf00000-7f724c000000 rw-p 00000000 00:00 0                          [stack:20332]
7f724c000000-7f724c021000 rw-p 00000000 00:00 0 
7f724c021000-7f7250000000 ---p 00000000 00:00 0 
7f725004c000-7f7251000000 rw-p 00000000 00:00 0 
7f7251000000-7f72514a0000 rwxp 00000000 00:00 0 
7f72514a0000-7f7254342000 rw-p 00000000 00:00 0 
7f7254342000-7f7258000000 ---p 00000000 00:00 0 
7f725800e000-7f7258057000 rw-p 00000000 00:00 0 
7f7258057000-7f7258209000 r--s 01d2f000 08:01 1580756                    /usr/lib/jvm/java-7-openjdk-amd64/jre/lib/rt.jar
7f7258209000-7f7258ba9000 rw-p 00000000 00:00 0 
7f7258ba9000-7f7258baa000 ---p 00000000 00:00 0 
7f7258baa000-7f7258caa000 rw-p 00000000 00:00 0                          [stack:20331]
7f7258caa000-7f7258cab000 ---p 00000000 00:00 0 
7f7258cab000-7f7258dab000 rw-p 00000000 00:00 0                          [stack:20330]
7f7258dab000-7f7258dac000 ---p 00000000 00:00 0 
7f7258dac000-7f7258eac000 rw-p 00000000 00:00 0                          [stack:20329]
7f7258eac000-7f7258ead000 ---p 00000000 00:00 0 
7f7258ead000-7f7258fb8000 rw-p 00000000 00:00 0                          [stack:20328]
7f7258fb8000-7f7259000000 rw-p 00000000 00:00 0 
7f7259000000-7f72590cf000 rw-p 00000000 00:00 0 
7f72590cf000-7f7259556000 rw-p 00000000 00:00 0 
7f7259556000-7f7259561000 rw-p 00000000 00:00 0 
7f7259561000-7f72595a9000 rw-p 00000000 00:00 0 
7f72595a9000-7f7259678000 rw-p 00000000 00:00 0 
7f7259678000-7f7259afe000 rw-p 00000000 00:00 0 
7f7259afe000-7f7259c78000 rw-p 00000000 00:00 0 
7f7259c78000-7f7259da9000 rw-p 00000000 00:00 0 
7f7259da9000-7f7259daa000 rw-p 00000000 00:00 0 
7f7259daa000-7f7259db2000 r-xp 00000000 08:01 1580767                    /usr/lib/jvm/java-7-openjdk-amd64/jre/lib/amd64/libzip.so
7f7259db2000-7f7259fb1000 ---p 00008000 08:01 1580767                    /usr/lib/jvm/java-7-openjdk-amd64/jre/lib/amd64/libzip.so
7f7259fb1000-7f7259fb2000 r--p 00007000 08:01 1580767                    /usr/lib/jvm/java-7-openjdk-amd64/jre/lib/amd64/libzip.so
7f7259fb2000-7f7259fb3000 rw-p 00008000 08:01 1580767                    /usr/lib/jvm/java-7-openjdk-amd64/jre/lib/amd64/libzip.so
7f7259fb3000-7f7259fbf000 r-xp 00000000 08:01 3282080                    /lib/x86_64-linux-gnu/libnss_files-2.21.so
7f7259fbf000-7f725a1be000 ---p 0000c000 08:01 3282080                    /lib/x86_64-linux-gnu/libnss_files-2.21.so
7f725a1be000-7f725a1bf000 r--p 0000b000 08:01 3282080                    /lib/x86_64-linux-gnu/libnss_files-2.21.so
7f725a1bf000-7f725a1c0000 rw-p 0000c000 08:01 3282080                    /lib/x86_64-linux-gnu/libnss_files-2.21.so
7f725a1c0000-7f725a1cb000 r-xp 00000000 08:01 3282068                    /lib/x86_64-linux-gnu/libnss_nis-2.21.so
7f725a1cb000-7f725a3ca000 ---p 0000b000 08:01 3282068                    /lib/x86_64-linux-gnu/libnss_nis-2.21.so
7f725a3ca000-7f725a3cb000 r--p 0000a000 08:01 3282068                    /lib/x86_64-linux-gnu/libnss_nis-2.21.so
7f725a3cb000-7f725a3cc000 rw-p 0000b000 08:01 3282068                    /lib/x86_64-linux-gnu/libnss_nis-2.21.so
7f725a3cc000-7f725a3e3000 r-xp 00000000 08:01 3282086                    /lib/x86_64-linux-gnu/libnsl-2.21.so
7f725a3e3000-7f725a5e2000 ---p 00017000 08:01 3282086                    /lib/x86_64-linux-gnu/libnsl-2.21.so
7f725a5e2000-7f725a5e3000 r--p 00016000 08:01 3282086                    /lib/x86_64-linux-gnu/libnsl-2.21.so
7f725a5e3000-7f725a5e4000 rw-p 00017000 08:01 3282086                    /lib/x86_64-linux-gnu/libnsl-2.21.so
7f725a5e4000-7f725a5e6000 rw-p 00000000 00:00 0 
7f725a5e6000-7f725a5ee000 r-xp 00000000 08:01 3282082                    /lib/x86_64-linux-gnu/libnss_compat-2.21.so
7f725a5ee000-7f725a7ed000 ---p 00008000 08:01 3282082                    /lib/x86_64-linux-gnu/libnss_compat-2.21.so
7f725a7ed000-7f725a7ee000 r--p 00007000 08:01 3282082                    /lib/x86_64-linux-gnu/libnss_compat-2.21.so
7f725a7ee000-7f725a7ef000 rw-p 00008000 08:01 3282082                    /lib/x86_64-linux-gnu/libnss_compat-2.21.so
7f725a7ef000-7f725a81c000 r-xp 00000000 08:01 1587293                    /usr/lib/jvm/java-7-openjdk-amd64/jre/lib/amd64/libjava.so
7f725a81c000-7f725aa1b000 ---p 0002d000 08:01 1587293                    /usr/lib/jvm/java-7-openjdk-amd64/jre/lib/amd64/libjava.so
7f725aa1b000-7f725aa1c000 r--p 0002c000 08:01 1587293                    /usr/lib/jvm/java-7-openjdk-amd64/jre/lib/amd64/libjava.so
7f725aa1c000-7f725aa1e000 rw-p 0002d000 08:01 1587293                    /usr/lib/jvm/java-7-openjdk-amd64/jre/lib/amd64/libjava.so
7f725aa1e000-7f725aa2d000 r-xp 00000000 08:01 1587306                    /usr/lib/jvm/java-7-openjdk-amd64/jre/lib/amd64/libverify.so
7f725aa2d000-7f725ac2c000 ---p 0000f000 08:01 1587306                    /usr/lib/jvm/java-7-openjdk-amd64/jre/lib/amd64/libverify.so
7f725ac2c000-7f725ac2f000 r--p 0000e000 08:01 1587306                    /usr/lib/jvm/java-7-openjdk-amd64/jre/lib/amd64/libverify.so
7f725ac2f000-7f725ac30000 rw-p 00011000 08:01 1587306                    /usr/lib/jvm/java-7-openjdk-amd64/jre/lib/amd64/libverify.so
7f725ac30000-7f725ac37000 r-xp 00000000 08:01 3282087                    /lib/x86_64-linux-gnu/librt-2.21.so
7f725ac37000-7f725ae36000 ---p 00007000 08:01 3282087                    /lib/x86_64-linux-gnu/librt-2.21.so
7f725ae36000-7f725ae37000 r--p 00006000 08:01 3282087                    /lib/x86_64-linux-gnu/librt-2.21.so
7f725ae37000-7f725ae38000 rw-p 00007000 08:01 3282087                    /lib/x86_64-linux-gnu/librt-2.21.so
7f725ae38000-7f725ae4e000 r-xp 00000000 08:01 3282141                    /lib/x86_64-linux-gnu/libgcc_s.so.1
7f725ae4e000-7f725b04d000 ---p 00016000 08:01 3282141                    /lib/x86_64-linux-gnu/libgcc_s.so.1
7f725b04d000-7f725b04e000 rw-p 00015000 08:01 3282141                    /lib/x86_64-linux-gnu/libgcc_s.so.1
7f725b04e000-7f725b155000 r-xp 00000000 08:01 3282085                    /lib/x86_64-linux-gnu/libm-2.21.so
7f725b155000-7f725b354000 ---p 00107000 08:01 3282085                    /lib/x86_64-linux-gnu/libm-2.21.so
7f725b354000-7f725b355000 r--p 00106000 08:01 3282085                    /lib/x86_64-linux-gnu/libm-2.21.so
7f725b355000-7f725b356000 rw-p 00107000 08:01 3282085                    /lib/x86_64-linux-gnu/libm-2.21.so
7f725b356000-7f725b446000 r-xp 00000000 08:01 786487                     /usr/lib/x86_64-linux-gnu/libstdc++.so.6.0.20
7f725b446000-7f725b646000 ---p 000f0000 08:01 786487                     /usr/lib/x86_64-linux-gnu/libstdc++.so.6.0.20
7f725b646000-7f725b64e000 r--p 000f0000 08:01 786487                     /usr/lib/x86_64-linux-gnu/libstdc++.so.6.0.20
7f725b64e000-7f725b650000 rw-p 000f8000 08:01 786487                     /usr/lib/x86_64-linux-gnu/libstdc++.so.6.0.20
7f725b650000-7f725b665000 rw-p 00000000 00:00 0 
7f725b665000-7f725c1c5000 r-xp 00000000 08:01 1587299                    /usr/lib/jvm/java-7-openjdk-amd64/jre/lib/amd64/server/libjvm.so
7f725c1c5000-7f725c3c5000 ---p 00b60000 08:01 1587299                    /usr/lib/jvm/java-7-openjdk-amd64/jre/lib/amd64/server/libjvm.so
7f725c3c5000-7f725c464000 r--p 00b60000 08:01 1587299                    /usr/lib/jvm/java-7-openjdk-amd64/jre/lib/amd64/server/libjvm.so
7f725c464000-7f725c487000 rw-p 00bff000 08:01 1587299                    /usr/lib/jvm/java-7-openjdk-amd64/jre/lib/amd64/server/libjvm.so
7f725c487000-7f725c4b4000 rw-p 00000000 00:00 0 
7f725c4b4000-7f725c4cd000 r-xp 00000000 08:01 3281681                    /lib/x86_64-linux-gnu/libz.so.1.2.8
7f725c4cd000-7f725c6cd000 ---p 00019000 08:01 3281681                    /lib/x86_64-linux-gnu/libz.so.1.2.8
7f725c6cd000-7f725c6ce000 r--p 00019000 08:01 3281681                    /lib/x86_64-linux-gnu/libz.so.1.2.8
7f725c6ce000-7f725c6cf000 rw-p 0001a000 08:01 3281681                    /lib/x86_64-linux-gnu/libz.so.1.2.8
7f725c6cf000-7f725c6e7000 r-xp 00000000 08:01 3282077                    /lib/x86_64-linux-gnu/libpthread-2.21.so
7f725c6e7000-7f725c8e7000 ---p 00018000 08:01 3282077                    /lib/x86_64-linux-gnu/libpthread-2.21.so
7f725c8e7000-7f725c8e8000 r--p 00018000 08:01 3282077                    /lib/x86_64-linux-gnu/libpthread-2.21.so
7f725c8e8000-7f725c8e9000 rw-p 00019000 08:01 3282077                    /lib/x86_64-linux-gnu/libpthread-2.21.so
7f725c8e9000-7f725c8ed000 rw-p 00000000 00:00 0 
7f725c8ed000-7f725c8f0000 r-xp 00000000 08:01 3282073                    /lib/x86_64-linux-gnu/libdl-2.21.so
7f725c8f0000-7f725caef000 ---p 00003000 08:01 3282073                    /lib/x86_64-linux-gnu/libdl-2.21.so
7f725caef000-7f725caf0000 r--p 00002000 08:01 3282073                    /lib/x86_64-linux-gnu/libdl-2.21.so
7f725caf0000-7f725caf1000 rw-p 00003000 08:01 3282073                    /lib/x86_64-linux-gnu/libdl-2.21.so
7f725caf1000-7f725ccb1000 r-xp 00000000 08:01 3282090                    /lib/x86_64-linux-gnu/libc-2.21.so
7f725ccb1000-7f725ceb1000 ---p 001c0000 08:01 3282090                    /lib/x86_64-linux-gnu/libc-2.21.so
7f725ceb1000-7f725ceb5000 r--p 001c0000 08:01 3282090                    /lib/x86_64-linux-gnu/libc-2.21.so
7f725ceb5000-7f725ceb7000 rw-p 001c4000 08:01 3282090                    /lib/x86_64-linux-gnu/libc-2.21.so
7f725ceb7000-7f725cebb000 rw-p 00000000 00:00 0 
7f725cebb000-7f725cec8000 r-xp 00000000 08:01 1706778                    /usr/lib/jvm/java-7-openjdk-amd64/jre/lib/amd64/jli/libjli.so
7f725cec8000-7f725d0c7000 ---p 0000d000 08:01 1706778                    /usr/lib/jvm/java-7-openjdk-amd64/jre/lib/amd64/jli/libjli.so
7f725d0c7000-7f725d0c8000 r--p 0000c000 08:01 1706778                    /usr/lib/jvm/java-7-openjdk-amd64/jre/lib/amd64/jli/libjli.so
7f725d0c8000-7f725d0c9000 rw-p 0000d000 08:01 1706778                    /usr/lib/jvm/java-7-openjdk-amd64/jre/lib/amd64/jli/libjli.so
7f725d0c9000-7f725d0ed000 r-xp 00000000 08:01 3282076                    /lib/x86_64-linux-gnu/ld-2.21.so
7f725d0f6000-7f725d0f7000 rw-p 00000000 00:00 0 
7f725d0f7000-7f725d106000 r--s 000df000 08:01 1980780                    /home/sikander/Android/Sdk/build-tools/23.0.2/lib/dx.jar
7f725d106000-7f725d10a000 r--s 00034000 08:01 1580751                    /usr/lib/jvm/java-7-openjdk-amd64/jre/lib/ext/sunjce_provider.jar
7f725d10a000-7f725d10c000 r--s 00012000 08:01 1580748                    /usr/lib/jvm/java-7-openjdk-amd64/jre/lib/ext/zipfs.jar
7f725d10c000-7f725d11f000 rw-p 00000000 00:00 0 
7f725d11f000-7f725d1cc000 rw-p 00000000 00:00 0 
7f725d1cc000-7f725d1cf000 ---p 00000000 00:00 0 
7f725d1cf000-7f725d2d2000 rw-p 00000000 00:00 0                          [stack:20327]
7f725d2d2000-7f725d2d3000 r--s 00002000 08:01 1580753                    /usr/lib/jvm/java-7-openjdk-amd64/jre/lib/ext/dnsns.jar
7f725d2d3000-7f725d2d7000 r--s 00085000 08:01 1580749                    /usr/lib/jvm/java-7-openjdk-amd64/jre/lib/ext/localedata.jar
7f725d2d7000-7f725d2d9000 r--s 00006000 08:01 1181039                    /usr/share/java/java-atk-wrapper.jar
7f725d2d9000-7f725d2dc000 r--s 0000f000 08:01 1580750                    /usr/lib/jvm/java-7-openjdk-amd64/jre/lib/ext/icedtea-sound.jar
7f725d2dc000-7f725d2e0000 r--s 0003c000 08:01 1580752                    /usr/lib/jvm/java-7-openjdk-amd64/jre/lib/ext/sunpkcs11.jar
7f725d2e0000-7f725d2e8000 rw-s 00000000 08:01 4464446                    /tmp/hsperfdata_sikander/20323
7f725d2e8000-7f725d2e9000 rw-p 00000000 00:00 0 
7f725d2e9000-7f725d2ea000 ---p 00000000 00:00 0 
7f725d2ea000-7f725d2ec000 rw-p 00000000 00:00 0 
7f725d2ec000-7f725d2ed000 r--p 00023000 08:01 3282076                    /lib/x86_64-linux-gnu/ld-2.21.so
7f725d2ed000-7f725d2ee000 rw-p 00024000 08:01 3282076                    /lib/x86_64-linux-gnu/ld-2.21.so
7f725d2ee000-7f725d2ef000 rw-p 00000000 00:00 0 
7ffcfc61b000-7ffcfc63c000 rw-p 00000000 00:00 0                          [stack]
7ffcfc63d000-7ffcfc63f000 r--p 00000000 00:00 0                          [vvar]
7ffcfc63f000-7ffcfc641000 r-xp 00000000 00:00 0                          [vdso]
ffffffffff600000-ffffffffff601000 r-xp 00000000 00:00 0                  [vsyscall]

VM Arguments:
jvm_args: -Djava.awt.headless=true -Xmx4g -Dfile.encoding=UTF-8 -Duser.country=US -Duser.language=en -Duser.variant 
java_command: com.android.dx.command.Main --dex --num-threads=4 --multi-dex --main-dex-list /home/sikander/AndroidStudioProjects/Tracker/app/build/intermediates/multi-dex/debug/maindexlist.txt --output /home/sikander/AndroidStudioProjects/Tracker/app/build/intermediates/transforms/dex/debug/folders/1000/1f/main /home/sikander/AndroidStudioProjects/Tracker/app/build/intermediates/transforms/jarMerging/debug/jars/1/1f/combined.jar
Launcher Type: SUN_STANDARD

Environment Variables:
PATH=/usr/local/sbin:/usr/local/bin:/usr/sbin:/usr/bin:/sbin:/bin:/usr/games:/usr/local/games
LD_LIBRARY_PATH=/opt/android-studio/bin:
SHELL=/bin/bash
DISPLAY=:0

Signal Handlers:
SIGSEGV: [libjvm.so+0x992590], sa_mask[0]=0x7ffbfeff, sa_flags=0x10000004
SIGBUS: [libjvm.so+0x992590], sa_mask[0]=0x7ffbfeff, sa_flags=0x10000004
SIGFPE: [libjvm.so+0x7fec60], sa_mask[0]=0x7ffbfeff, sa_flags=0x10000004
SIGPIPE: [libjvm.so+0x7fec60], sa_mask[0]=0x7ffbfeff, sa_flags=0x10000004
SIGXFSZ: [libjvm.so+0x7fec60], sa_mask[0]=0x7ffbfeff, sa_flags=0x10000004
SIGILL: [libjvm.so+0x7fec60], sa_mask[0]=0x7ffbfeff, sa_flags=0x10000004
SIGUSR1: SIG_DFL, sa_mask[0]=0x00000000, sa_flags=0x00000000
SIGUSR2: [libjvm.so+0x7feae0], sa_mask[0]=0x00000004, sa_flags=0x10000004
SIGHUP: [libjvm.so+0x7fece0], sa_mask[0]=0x7ffbfeff, sa_flags=0x10000004
SIGINT: [libjvm.so+0x7fece0], sa_mask[0]=0x7ffbfeff, sa_flags=0x10000004
SIGTERM: [libjvm.so+0x7fece0], sa_mask[0]=0x7ffbfeff, sa_flags=0x10000004
SIGQUIT: [libjvm.so+0x7fece0], sa_mask[0]=0x7ffbfeff, sa_flags=0x10000004
SIGTRAP: SIG_DFL, sa_mask[0]=0x00000000, sa_flags=0x00000000


---------------  S Y S T E M  ---------------

OS:Ubuntu 15.04 (vivid)
uname:Linux 3.19.0-49-generic #55-Ubuntu SMP Fri Jan 22 02:10:24 UTC 2016 x86_64
libc:glibc 2.21 NPTL 2.21 
rlimit: STACK 8192k, CORE 0k, NPROC 13223, NOFILE 65536, AS infinity
load average:6,41 4,84 7,19

/proc/meminfo:
MemTotal:        3407412 kB
MemFree:          106696 kB
MemAvailable:      67272 kB
Buffers:            1492 kB
Cached:            49616 kB
SwapCached:        25180 kB
Active:          2041548 kB
Inactive:         857204 kB
Active(anon):    2020908 kB
Inactive(anon):   828544 kB
Active(file):      20640 kB
Inactive(file):    28660 kB
Unevictable:          48 kB
Mlocked:              48 kB
SwapTotal:       3610620 kB
SwapFree:           2528 kB
Dirty:                48 kB
Writeback:             0 kB
AnonPages:       2822892 kB
Mapped:            43204 kB
Shmem:              1748 kB
Slab:              84772 kB
SReclaimable:      40772 kB
SUnreclaim:        44000 kB
KernelStack:       11888 kB
PageTables:        56660 kB
NFS_Unstable:          0 kB
Bounce:                0 kB
WritebackTmp:          0 kB
CommitLimit:     5314324 kB
Committed_AS:   13395152 kB
VmallocTotal:   34359738367 kB
VmallocUsed:      297664 kB
VmallocChunk:   34359434648 kB
HardwareCorrupted:     0 kB
AnonHugePages:   1605632 kB
CmaTotal:              0 kB
CmaFree:               0 kB
HugePages_Total:       0
HugePages_Free:        0
HugePages_Rsvd:        0
HugePages_Surp:        0
Hugepagesize:       2048 kB
DirectMap4k:      466244 kB
DirectMap2M:     3145728 kB
DirectMap1G:           0 kB


CPU:total 4 (4 cores per cpu, 1 threads per core) family 22 model 0 stepping 1, cmov, cx8, fxsr, mmx, sse, sse2, sse3, ssse3, sse4.1, sse4.2, popcnt, avx, aes, mmxext, 3dnowpref, lzcnt, sse4a, tsc, tscinvbit, tscinv

/proc/cpuinfo:
processor	: 0
vendor_id	: AuthenticAMD
cpu family	: 22
model		: 0
model name	: Quad-Core Processor (up to 1.4GHz)
stepping	: 1
microcode	: 0x700010b
cpu MHz		: 600.000
cache size	: 2048 KB
physical id	: 0
siblings	: 4
core id		: 0
cpu cores	: 4
apicid		: 0
initial apicid	: 0
fpu		: yes
fpu_exception	: yes
cpuid level	: 13
wp		: yes
flags		: fpu vme de pse tsc msr pae mce cx8 apic sep mtrr pge mca cmov pat pse36 clflush mmx fxsr sse sse2 ht syscall nx mmxext fxsr_opt pdpe1gb rdtscp lm constant_tsc rep_good nopl nonstop_tsc extd_apicid aperfmperf eagerfpu pni pclmulqdq monitor ssse3 cx16 sse4_1 sse4_2 movbe popcnt aes xsave avx f16c lahf_lm cmp_legacy svm extapic cr8_legacy abm sse4a misalignsse 3dnowprefetch osvw ibs skinit wdt topoext perfctr_nb perfctr_l2 arat cpb hw_pstate proc_feedback npt lbrv svm_lock nrip_save tsc_scale flushbyasid decodeassists pausefilter pfthreshold vmmcall bmi1 xsaveopt
bugs		: fxsave_leak
bogomips	: 1996.10
TLB size	: 1024 4K pages
clflush size	: 64
cache_alignment	: 64
address sizes	: 40 bits physical, 48 bits virtual
power management: ts ttp tm 100mhzsteps hwpstate cpb [11]

processor	: 1
vendor_id	: AuthenticAMD
cpu family	: 22
model		: 0
model name	: Quad-Core Processor (up to 1.4GHz)             
stepping	: 1
microcode	: 0x700010b
cpu MHz		: 1000.000
cache size	: 2048 KB
physical id	: 0
siblings	: 4
core id		: 1
cpu cores	: 4
apicid		: 1
initial apicid	: 1
fpu		: yes
fpu_exception	: yes
cpuid level	: 13
wp		: yes
flags		: fpu vme de pse tsc msr pae mce cx8 apic sep mtrr pge mca cmov pat pse36 clflush mmx fxsr sse sse2 ht syscall nx mmxext fxsr_opt pdpe1gb rdtscp lm constant_tsc rep_good nopl nonstop_tsc extd_apicid aperfmperf eagerfpu pni pclmulqdq monitor ssse3 cx16 sse4_1 sse4_2 movbe popcnt aes xsave avx f16c lahf_lm cmp_legacy svm extapic cr8_legacy abm sse4a misalignsse 3dnowprefetch osvw ibs skinit wdt topoext perfctr_nb perfctr_l2 arat cpb hw_pstate proc_feedback npt lbrv svm_lock nrip_save tsc_scale flushbyasid decodeassists pausefilter pfthreshold vmmcall bmi1 xsaveopt
bugs		: fxsave_leak
bogomips	: 1996.10
TLB size	: 1024 4K pages
clflush size	: 64
cache_alignment	: 64
address sizes	: 40 bits physical, 48 bits virtual
power management: ts ttp tm 100mhzsteps hwpstate cpb [11]

processor	: 2
vendor_id	: AuthenticAMD
cpu family	: 22
model		: 0
model name	: Quad-Core Processor (up to 1.4GHz)             
stepping	: 1
microcode	: 0x700010b
cpu MHz		: 1000.000
cache size	: 2048 KB
physical id	: 0
siblings	: 4
core id		: 2
cpu cores	: 4
apicid		: 2
initial apicid	: 2
fpu		: yes
fpu_exception	: yes
cpuid level	: 13
wp		: yes
flags		: fpu vme de pse tsc msr pae mce cx8 apic sep mtrr pge mca cmov pat pse36 clflush mmx fxsr sse sse2 ht syscall nx mmxext fxsr_opt pdpe1gb rdtscp lm constant_tsc rep_good nopl nonstop_tsc extd_apicid aperfmperf eagerfpu pni pclmulqdq monitor ssse3 cx16 sse4_1 sse4_2 movbe popcnt aes xsave avx f16c lahf_lm cmp_legacy svm extapic cr8_legacy abm sse4a misalignsse 3dnowprefetch osvw ibs skinit wdt topoext perfctr_nb perfctr_l2 arat cpb hw_pstate proc_feedback npt lbrv svm_lock nrip_save tsc_scale flushbyasid decodeassists pausefilter pfthreshold vmmcall bmi1 xsaveopt
bugs		: fxsave_leak
bogomips	: 1996.10
TLB size	: 1024 4K pages
clflush size	: 64
cache_alignment	: 64
address sizes	: 40 bits physical, 48 bits virtual
power management: ts ttp tm 100mhzsteps hwpstate cpb [11]

processor	: 3
vendor_id	: AuthenticAMD
cpu family	: 22
model		: 0
model name	: Quad-Core Processor (up to 1.4GHz)             
stepping	: 1
microcode	: 0x700010b
cpu MHz		: 600.000
cache size	: 2048 KB
physical id	: 0
siblings	: 4
core id		: 3
cpu cores	: 4
apicid		: 3
initial apicid	: 3
fpu		: yes
fpu_exception	: yes
cpuid level	: 13
wp		: yes
flags		: fpu vme de pse tsc msr pae mce cx8 apic sep mtrr pge mca cmov pat pse36 clflush mmx fxsr sse sse2 ht syscall nx mmxext fxsr_opt pdpe1gb rdtscp lm constant_tsc rep_good nopl nonstop_tsc extd_apicid aperfmperf eagerfpu pni pclmulqdq monitor ssse3 cx16 sse4_1 sse4_2 movbe popcnt aes xsave avx f16c lahf_lm cmp_legacy svm extapic cr8_legacy abm sse4a misalignsse 3dnowprefetch osvw ibs skinit wdt topoext perfctr_nb perfctr_l2 arat cpb hw_pstate proc_feedback npt lbrv svm_lock nrip_save tsc_scale flushbyasid decodeassists pausefilter pfthreshold vmmcall bmi1 xsaveopt
bugs		: fxsave_leak
bogomips	: 1996.10
TLB size	: 1024 4K pages
clflush size	: 64
cache_alignment	: 64
address sizes	: 40 bits physical, 48 bits virtual
power management: ts ttp tm 100mhzsteps hwpstate cpb [11]



Memory: 4k page, physical 3407412k(106696k free), swap 3610620k(2528k free)

vm_info: OpenJDK 64-Bit Server VM (24.95-b01) for linux-amd64 JRE (1.7.0_95-b00), built on Jan 21 2016 03:41:02 by "buildd" with gcc 4.9.2

time: Thu Feb  4 16:05:11 2016
elapsed time: 93 seconds

